<?xml version='1.0'?>
<ns2:test-suite xmlns:ns2='urn:model.allure.qatools.yandex.ru' start='1666090742361' stop='1666090778168'>
    <name>deleteAllProductsAndSubCategoryAndCategory Test</name>
    <title>deleteAllProductsAndSubCategoryAndCategory Test</title>
    <test-cases>
        <test-case start='1666090742364' status='passed' stop='1666090747609'>
            <name>launch url Test</name>
            <title>launch url Test</title>
            <labels>
                <label name='language' value='javascript'/>
                <label name='framework' value='wdio'/>
                <label name='thread' value='0-0'/>
            </labels>
            <parameters>
                <parameter kind='argument' name='browser' value='chrome-106.0.5249.119'/>
            </parameters>
            <steps/>
            <attachments/>
        </test-case>
        <test-case start='1666090747613' status='passed' stop='1666090752095'>
            <name>admin log in Test</name>
            <title>admin log in Test</title>
            <labels>
                <label name='language' value='javascript'/>
                <label name='framework' value='wdio'/>
                <label name='thread' value='0-0'/>
            </labels>
            <parameters>
                <parameter kind='argument' name='browser' value='chrome-106.0.5249.119'/>
            </parameters>
            <steps/>
            <attachments/>
        </test-case>
        <test-case start='1666090752103' status='broken' stop='1666090759753'>
            <name>delete all product Test</name>
            <title>delete all product Test</title>
            <labels>
                <label name='language' value='javascript'/>
                <label name='framework' value='wdio'/>
                <label name='thread' value='0-0'/>
            </labels>
            <parameters>
                <parameter kind='argument' name='browser' value='chrome-106.0.5249.119'/>
            </parameters>
            <steps/>
            <attachments>
                <attachment title='Screenshot' source='a6057800-ab6a-4f51-8600-b6eebab60b1b-attachment.png' type='image/png' size='93877'/>
            </attachments>
            <failure>
                <message>Can't call click on element with selector "//tbody//tr[last()]//td[last()]//a//i[@class='icon-remove-sign']" because element wasn't found</message>
                <stack-trace>Error: Can't call click on element with selector "//tbody//tr[last()]//td[last()]//a//i[@class='icon-remove-sign']" because element wasn't found
                    at implicitWait (E:\JAVA_SCRIPT\Zolando_wdio\node_modules\webdriverio\build\utils\implicitWait.js:34:19)
                    at async Element.elementErrorHandlerCallbackFn (E:\JAVA_SCRIPT\Zolando_wdio\node_modules\webdriverio\build\middlewares.js:20:29)
                    at async Element.wrapCommandFn (E:\JAVA_SCRIPT\Zolando_wdio\node_modules\@wdio\utils\build\shim.js:137:29)
                    at async manageProductPage.deleteAllProduct (E:\JAVA_SCRIPT\Zolando_wdio\test\pageobjects\manageProductPage.js:29:13)
                    at async Context.&lt;anonymous> (E:\JAVA_SCRIPT\Zolando_wdio\test\specs\deleteAllProductsAndSubCategoryAndCategory.js:25:9)</stack-trace>
            </failure>
        </test-case>
        <test-case start='1666090759759' status='broken' stop='1666090767654'>
            <name>delete all subCategory Test</name>
            <title>delete all subCategory Test</title>
            <labels>
                <label name='language' value='javascript'/>
                <label name='framework' value='wdio'/>
                <label name='thread' value='0-0'/>
            </labels>
            <parameters>
                <parameter kind='argument' name='browser' value='chrome-106.0.5249.119'/>
            </parameters>
            <steps/>
            <attachments>
                <attachment title='Screenshot' source='a161be40-32fb-406f-aad0-022c5ce31e07-attachment.png' type='image/png' size='100010'/>
            </attachments>
            <failure>
                <message>Can't call click on element with selector "//tbody//tr[last()]//td[last()]//a//i[@class='icon-remove-sign']" because element wasn't found</message>
                <stack-trace>Error: Can't call click on element with selector "//tbody//tr[last()]//td[last()]//a//i[@class='icon-remove-sign']" because element wasn't found
                    at implicitWait (E:\JAVA_SCRIPT\Zolando_wdio\node_modules\webdriverio\build\utils\implicitWait.js:34:19)
                    at async Element.elementErrorHandlerCallbackFn (E:\JAVA_SCRIPT\Zolando_wdio\node_modules\webdriverio\build\middlewares.js:20:29)
                    at async Element.wrapCommandFn (E:\JAVA_SCRIPT\Zolando_wdio\node_modules\@wdio\utils\build\shim.js:137:29)
                    at async createCategoryPage.deleteAllCategory (E:\JAVA_SCRIPT\Zolando_wdio\test\pageobjects\createCategoryPage.js:59:13)
                    at async Context.&lt;anonymous> (E:\JAVA_SCRIPT\Zolando_wdio\test\specs\deleteAllProductsAndSubCategoryAndCategory.js:31:9)</stack-trace>
            </failure>
        </test-case>
        <test-case start='1666090767656' status='broken' stop='1666090775737'>
            <name>delete all Category Test</name>
            <title>delete all Category Test</title>
            <labels>
                <label name='language' value='javascript'/>
                <label name='framework' value='wdio'/>
                <label name='thread' value='0-0'/>
            </labels>
            <parameters>
                <parameter kind='argument' name='browser' value='chrome-106.0.5249.119'/>
            </parameters>
            <steps/>
            <attachments>
                <attachment title='Screenshot' source='127c6d09-ed90-4e8f-b810-8bd345552225-attachment.png' type='image/png' size='95709'/>
            </attachments>
            <failure>
                <message>Can't call click on element with selector "//tbody//tr[last()]//td[last()]//a//i[@class='icon-remove-sign']" because element wasn't found</message>
                <stack-trace>Error: Can't call click on element with selector "//tbody//tr[last()]//td[last()]//a//i[@class='icon-remove-sign']" because element wasn't found
                    at implicitWait (E:\JAVA_SCRIPT\Zolando_wdio\node_modules\webdriverio\build\utils\implicitWait.js:34:19)
                    at async Element.elementErrorHandlerCallbackFn (E:\JAVA_SCRIPT\Zolando_wdio\node_modules\webdriverio\build\middlewares.js:20:29)
                    at async Element.wrapCommandFn (E:\JAVA_SCRIPT\Zolando_wdio\node_modules\@wdio\utils\build\shim.js:137:29)
                    at async createCategoryPage.deleteAllCategory (E:\JAVA_SCRIPT\Zolando_wdio\test\pageobjects\createCategoryPage.js:59:13)
                    at async Context.&lt;anonymous> (E:\JAVA_SCRIPT\Zolando_wdio\test\specs\deleteAllProductsAndSubCategoryAndCategory.js:37:9)</stack-trace>
            </failure>
        </test-case>
        <test-case start='1666090775739' status='passed' stop='1666090778163'>
            <name>admin log out Test</name>
            <title>admin log out Test</title>
            <labels>
                <label name='language' value='javascript'/>
                <label name='framework' value='wdio'/>
                <label name='thread' value='0-0'/>
            </labels>
            <parameters>
                <parameter kind='argument' name='browser' value='chrome-106.0.5249.119'/>
            </parameters>
            <steps/>
            <attachments/>
        </test-case>
    </test-cases>
</ns2:test-suite>